<?xml version="1.0" encoding="UTF-8"?>
<testsuite xmlns:xsi="http://www.w3.org/2001/XMLSchema-instance" xsi:noNamespaceSchemaLocation="https://maven.apache.org/surefire/maven-surefire-plugin/xsd/surefire-test-report.xsd" name="com.mycompany.app.AppTest" time="0.018" tests="1" errors="0" skipped="0" failures="0">
  <properties>
    <property name="sun.desktop" value="gnome"/>
    <property name="awt.toolkit" value="sun.awt.X11.XToolkit"/>
    <property name="java.specification.version" value="11"/>
    <property name="sun.cpu.isalist" value=""/>
    <property name="sun.jnu.encoding" value="UTF-8"/>
    <property name="java.class.path" value="/home/hsunekichi/Escritorio/memDist/rtdb-redis/test/count_docs/java/my-app/target/test-classes:/home/hsunekichi/Escritorio/memDist/rtdb-redis/test/count_docs/java/my-app/target/classes:/home/hsunekichi/.m2/repository/junit/junit/4.11/junit-4.11.jar:/home/hsunekichi/.m2/repository/org/hamcrest/hamcrest-core/1.3/hamcrest-core-1.3.jar:/home/hsunekichi/.m2/repository/org/redisson/redisson/3.26.0/redisson-3.26.0.jar:/home/hsunekichi/.m2/repository/io/netty/netty-common/4.1.104.Final/netty-common-4.1.104.Final.jar:/home/hsunekichi/.m2/repository/io/netty/netty-codec/4.1.104.Final/netty-codec-4.1.104.Final.jar:/home/hsunekichi/.m2/repository/io/netty/netty-buffer/4.1.104.Final/netty-buffer-4.1.104.Final.jar:/home/hsunekichi/.m2/repository/io/netty/netty-transport/4.1.104.Final/netty-transport-4.1.104.Final.jar:/home/hsunekichi/.m2/repository/io/netty/netty-resolver/4.1.104.Final/netty-resolver-4.1.104.Final.jar:/home/hsunekichi/.m2/repository/io/netty/netty-resolver-dns/4.1.104.Final/netty-resolver-dns-4.1.104.Final.jar:/home/hsunekichi/.m2/repository/io/netty/netty-codec-dns/4.1.104.Final/netty-codec-dns-4.1.104.Final.jar:/home/hsunekichi/.m2/repository/io/netty/netty-handler/4.1.104.Final/netty-handler-4.1.104.Final.jar:/home/hsunekichi/.m2/repository/io/netty/netty-transport-native-unix-common/4.1.104.Final/netty-transport-native-unix-common-4.1.104.Final.jar:/home/hsunekichi/.m2/repository/javax/cache/cache-api/1.1.1/cache-api-1.1.1.jar:/home/hsunekichi/.m2/repository/io/projectreactor/reactor-core/3.6.0/reactor-core-3.6.0.jar:/home/hsunekichi/.m2/repository/org/reactivestreams/reactive-streams/1.0.4/reactive-streams-1.0.4.jar:/home/hsunekichi/.m2/repository/io/reactivex/rxjava3/rxjava/3.1.6/rxjava-3.1.6.jar:/home/hsunekichi/.m2/repository/org/jboss/marshalling/jboss-marshalling/2.0.11.Final/jboss-marshalling-2.0.11.Final.jar:/home/hsunekichi/.m2/repository/org/jboss/marshalling/jboss-marshalling-river/2.0.11.Final/jboss-marshalling-river-2.0.11.Final.jar:/home/hsunekichi/.m2/repository/com/esotericsoftware/kryo/5.6.0/kryo-5.6.0.jar:/home/hsunekichi/.m2/repository/com/esotericsoftware/reflectasm/1.11.9/reflectasm-1.11.9.jar:/home/hsunekichi/.m2/repository/org/objenesis/objenesis/3.3/objenesis-3.3.jar:/home/hsunekichi/.m2/repository/com/esotericsoftware/minlog/1.3.1/minlog-1.3.1.jar:/home/hsunekichi/.m2/repository/org/slf4j/slf4j-api/2.0.9/slf4j-api-2.0.9.jar:/home/hsunekichi/.m2/repository/com/fasterxml/jackson/core/jackson-annotations/2.16.1/jackson-annotations-2.16.1.jar:/home/hsunekichi/.m2/repository/com/fasterxml/jackson/dataformat/jackson-dataformat-yaml/2.16.1/jackson-dataformat-yaml-2.16.1.jar:/home/hsunekichi/.m2/repository/org/yaml/snakeyaml/2.2/snakeyaml-2.2.jar:/home/hsunekichi/.m2/repository/com/fasterxml/jackson/core/jackson-core/2.16.1/jackson-core-2.16.1.jar:/home/hsunekichi/.m2/repository/com/fasterxml/jackson/core/jackson-databind/2.16.1/jackson-databind-2.16.1.jar:/home/hsunekichi/.m2/repository/net/bytebuddy/byte-buddy/1.14.5/byte-buddy-1.14.5.jar:/home/hsunekichi/.m2/repository/org/jodd/jodd-bean/5.1.6/jodd-bean-5.1.6.jar:/home/hsunekichi/.m2/repository/org/jodd/jodd-core/5.1.6/jodd-core-5.1.6.jar:"/>
    <property name="java.vm.vendor" value="Ubuntu"/>
    <property name="sun.arch.data.model" value="64"/>
    <property name="java.vendor.url" value="https://ubuntu.com/"/>
    <property name="user.timezone" value=""/>
    <property name="java.vm.specification.version" value="11"/>
    <property name="os.name" value="Linux"/>
    <property name="sun.java.launcher" value="SUN_STANDARD"/>
    <property name="user.country" value="ES"/>
    <property name="sun.boot.library.path" value="/usr/lib/jvm/java-11-openjdk-amd64/lib"/>
    <property name="sun.java.command" value="/home/hsunekichi/Escritorio/memDist/rtdb-redis/test/count_docs/java/my-app/target/surefire/surefirebooter16547444031259344799.jar /home/hsunekichi/Escritorio/memDist/rtdb-redis/test/count_docs/java/my-app/target/surefire 2024-02-03T13-30-44_404-jvmRun1 surefire14569415727958429823tmp surefire_016259022916296476847tmp"/>
    <property name="jdk.debug" value="release"/>
    <property name="surefire.test.class.path" value="/home/hsunekichi/Escritorio/memDist/rtdb-redis/test/count_docs/java/my-app/target/test-classes:/home/hsunekichi/Escritorio/memDist/rtdb-redis/test/count_docs/java/my-app/target/classes:/home/hsunekichi/.m2/repository/junit/junit/4.11/junit-4.11.jar:/home/hsunekichi/.m2/repository/org/hamcrest/hamcrest-core/1.3/hamcrest-core-1.3.jar:/home/hsunekichi/.m2/repository/org/redisson/redisson/3.26.0/redisson-3.26.0.jar:/home/hsunekichi/.m2/repository/io/netty/netty-common/4.1.104.Final/netty-common-4.1.104.Final.jar:/home/hsunekichi/.m2/repository/io/netty/netty-codec/4.1.104.Final/netty-codec-4.1.104.Final.jar:/home/hsunekichi/.m2/repository/io/netty/netty-buffer/4.1.104.Final/netty-buffer-4.1.104.Final.jar:/home/hsunekichi/.m2/repository/io/netty/netty-transport/4.1.104.Final/netty-transport-4.1.104.Final.jar:/home/hsunekichi/.m2/repository/io/netty/netty-resolver/4.1.104.Final/netty-resolver-4.1.104.Final.jar:/home/hsunekichi/.m2/repository/io/netty/netty-resolver-dns/4.1.104.Final/netty-resolver-dns-4.1.104.Final.jar:/home/hsunekichi/.m2/repository/io/netty/netty-codec-dns/4.1.104.Final/netty-codec-dns-4.1.104.Final.jar:/home/hsunekichi/.m2/repository/io/netty/netty-handler/4.1.104.Final/netty-handler-4.1.104.Final.jar:/home/hsunekichi/.m2/repository/io/netty/netty-transport-native-unix-common/4.1.104.Final/netty-transport-native-unix-common-4.1.104.Final.jar:/home/hsunekichi/.m2/repository/javax/cache/cache-api/1.1.1/cache-api-1.1.1.jar:/home/hsunekichi/.m2/repository/io/projectreactor/reactor-core/3.6.0/reactor-core-3.6.0.jar:/home/hsunekichi/.m2/repository/org/reactivestreams/reactive-streams/1.0.4/reactive-streams-1.0.4.jar:/home/hsunekichi/.m2/repository/io/reactivex/rxjava3/rxjava/3.1.6/rxjava-3.1.6.jar:/home/hsunekichi/.m2/repository/org/jboss/marshalling/jboss-marshalling/2.0.11.Final/jboss-marshalling-2.0.11.Final.jar:/home/hsunekichi/.m2/repository/org/jboss/marshalling/jboss-marshalling-river/2.0.11.Final/jboss-marshalling-river-2.0.11.Final.jar:/home/hsunekichi/.m2/repository/com/esotericsoftware/kryo/5.6.0/kryo-5.6.0.jar:/home/hsunekichi/.m2/repository/com/esotericsoftware/reflectasm/1.11.9/reflectasm-1.11.9.jar:/home/hsunekichi/.m2/repository/org/objenesis/objenesis/3.3/objenesis-3.3.jar:/home/hsunekichi/.m2/repository/com/esotericsoftware/minlog/1.3.1/minlog-1.3.1.jar:/home/hsunekichi/.m2/repository/org/slf4j/slf4j-api/2.0.9/slf4j-api-2.0.9.jar:/home/hsunekichi/.m2/repository/com/fasterxml/jackson/core/jackson-annotations/2.16.1/jackson-annotations-2.16.1.jar:/home/hsunekichi/.m2/repository/com/fasterxml/jackson/dataformat/jackson-dataformat-yaml/2.16.1/jackson-dataformat-yaml-2.16.1.jar:/home/hsunekichi/.m2/repository/org/yaml/snakeyaml/2.2/snakeyaml-2.2.jar:/home/hsunekichi/.m2/repository/com/fasterxml/jackson/core/jackson-core/2.16.1/jackson-core-2.16.1.jar:/home/hsunekichi/.m2/repository/com/fasterxml/jackson/core/jackson-databind/2.16.1/jackson-databind-2.16.1.jar:/home/hsunekichi/.m2/repository/net/bytebuddy/byte-buddy/1.14.5/byte-buddy-1.14.5.jar:/home/hsunekichi/.m2/repository/org/jodd/jodd-bean/5.1.6/jodd-bean-5.1.6.jar:/home/hsunekichi/.m2/repository/org/jodd/jodd-core/5.1.6/jodd-core-5.1.6.jar:"/>
    <property name="sun.cpu.endian" value="little"/>
    <property name="user.home" value="/home/hsunekichi"/>
    <property name="user.language" value="es"/>
    <property name="java.specification.vendor" value="Oracle Corporation"/>
    <property name="java.version.date" value="2023-10-17"/>
    <property name="java.home" value="/usr/lib/jvm/java-11-openjdk-amd64"/>
    <property name="file.separator" value="/"/>
    <property name="basedir" value="/home/hsunekichi/Escritorio/memDist/rtdb-redis/test/count_docs/java/my-app"/>
    <property name="java.vm.compressedOopsMode" value="Zero based"/>
    <property name="line.separator" value="&#10;"/>
    <property name="java.specification.name" value="Java Platform API Specification"/>
    <property name="java.vm.specification.vendor" value="Oracle Corporation"/>
    <property name="java.awt.graphicsenv" value="sun.awt.X11GraphicsEnvironment"/>
    <property name="surefire.real.class.path" value="/home/hsunekichi/Escritorio/memDist/rtdb-redis/test/count_docs/java/my-app/target/surefire/surefirebooter16547444031259344799.jar"/>
    <property name="sun.management.compiler" value="HotSpot 64-Bit Tiered Compilers"/>
    <property name="java.runtime.version" value="11.0.21+9-post-Ubuntu-0ubuntu122.04"/>
    <property name="user.name" value="hsunekichi"/>
    <property name="path.separator" value=":"/>
    <property name="os.version" value="6.5.0-15-generic"/>
    <property name="java.runtime.name" value="OpenJDK Runtime Environment"/>
    <property name="file.encoding" value="UTF-8"/>
    <property name="java.vm.name" value="OpenJDK 64-Bit Server VM"/>
    <property name="localRepository" value="/home/hsunekichi/.m2/repository"/>
    <property name="java.vendor.url.bug" value="https://bugs.launchpad.net/ubuntu/+source/openjdk-lts"/>
    <property name="java.io.tmpdir" value="/tmp"/>
    <property name="java.version" value="11.0.21"/>
    <property name="user.dir" value="/home/hsunekichi/Escritorio/memDist/rtdb-redis/test/count_docs/java/my-app"/>
    <property name="os.arch" value="amd64"/>
    <property name="java.vm.specification.name" value="Java Virtual Machine Specification"/>
    <property name="java.awt.printerjob" value="sun.print.PSPrinterJob"/>
    <property name="sun.os.patch.level" value="unknown"/>
    <property name="java.library.path" value="/usr/local/cuda/lib64:/usr/local/cuda/lib64::/usr/java/packages/lib:/usr/lib/x86_64-linux-gnu/jni:/lib/x86_64-linux-gnu:/usr/lib/x86_64-linux-gnu:/usr/lib/jni:/lib:/usr/lib"/>
    <property name="java.vm.info" value="mixed mode, sharing"/>
    <property name="java.vendor" value="Ubuntu"/>
    <property name="java.vm.version" value="11.0.21+9-post-Ubuntu-0ubuntu122.04"/>
    <property name="java.specification.maintenance.version" value="2"/>
    <property name="sun.io.unicode.encoding" value="UnicodeLittle"/>
    <property name="java.class.version" value="55.0"/>
  </properties>
  <testcase name="shouldAnswerWithTrue" classname="com.mycompany.app.AppTest" time="0.001"/>
</testsuite>